[0.008s] Invoking command in '/home/parallels/practica_ROS/ros2_prac2_ws/build/cpp_nodes': CMAKE_PREFIX_PATH=/home/parallels/practica_ROS/ros2_prac2_ws/install/interfaces:/home/parallels/practica_ROS/ros2_prac2_ws/install/cpp_nodes:/opt/ros/foxy /usr/bin/cmake --build /home/parallels/practica_ROS/ros2_prac2_ws/build/cpp_nodes -- -j2 -l2
[0.053s] [35m[1mScanning dependencies of target main_node[0m
[0.070s] [ 40%] Built target empaquetado_nodo
[0.101s] [ 60%] [32mBuilding CXX object CMakeFiles/main_node.dir/src/informacion_personal_nodo.cpp.o[0m
[1.347s] [01m[K/home/parallels/practica_ROS/ros2_prac2_ws/src/cpp_nodes/src/informacion_personal_nodo.cpp:[m[K In member function â€˜[01m[Kvirtual void InformacionPersonalNodo::get_user_input()[m[Kâ€™:
[1.348s] [01m[K/home/parallels/practica_ROS/ros2_prac2_ws/src/cpp_nodes/src/informacion_personal_nodo.cpp:21:39:[m[K [01;31m[Kerror: [m[Kexpected â€˜[01m[K)[m[Kâ€™ before â€˜[01m[K;[m[Kâ€™ token
[1.348s]    21 |         std::getline[34m[K([m[Kstd::cin, nombre_[01;31m[K;[m[K // Read input from the user
[1.348s]       |                     [34m[K~[m[K                 [01;31m[K^[m[K
[1.348s]       |                                       [32m[K)[m[K
[1.350s] [01m[K/home/parallels/practica_ROS/ros2_prac2_ws/src/cpp_nodes/src/informacion_personal_nodo.cpp:23:13:[m[K [01;31m[Kerror: [m[Kâ€˜[01m[Kuser_input_[m[Kâ€™ was not declared in this scope; did you mean â€˜[01m[Kget_user_input[m[Kâ€™?
[1.350s]    23 |         if ([01;31m[Kuser_input_[m[K.empty())
[1.350s]       |             [01;31m[K^~~~~~~~~~~[m[K
[1.350s]       |             [32m[Kget_user_input[m[K
[1.353s] [01m[K/home/parallels/practica_ROS/ros2_prac2_ws/src/cpp_nodes/src/informacion_personal_nodo.cpp:[m[K In member function â€˜[01m[Kvoid InformacionPersonalNodo::timer_callback()[m[Kâ€™:
[1.353s] [01m[K/home/parallels/practica_ROS/ros2_prac2_ws/src/cpp_nodes/src/informacion_personal_nodo.cpp:44:20:[m[K [01;31m[Kerror: [m[Kâ€˜[01m[Kuser_input_[m[Kâ€™ was not declared in this scope; did you mean â€˜[01m[Kget_user_input[m[Kâ€™?
[1.353s]    44 |   message.nombre = [01;31m[Kuser_input_[m[K;
[1.353s]       |                    [01;31m[K^~~~~~~~~~~[m[K
[1.353s]       |                    [32m[Kget_user_input[m[K
[2.115s] make[2]: *** [CMakeFiles/main_node.dir/build.make:76: CMakeFiles/main_node.dir/src/informacion_personal_nodo.cpp.o] Error 1
[2.120s] make[1]: *** [CMakeFiles/Makefile2:107: CMakeFiles/main_node.dir/all] Error 2
[2.120s] make: *** [Makefile:141: all] Error 2
[2.139s] Invoked command in '/home/parallels/practica_ROS/ros2_prac2_ws/build/cpp_nodes' returned '2': CMAKE_PREFIX_PATH=/home/parallels/practica_ROS/ros2_prac2_ws/install/interfaces:/home/parallels/practica_ROS/ros2_prac2_ws/install/cpp_nodes:/opt/ros/foxy /usr/bin/cmake --build /home/parallels/practica_ROS/ros2_prac2_ws/build/cpp_nodes -- -j2 -l2
