[0.014s] Invoking command in '/home/parallels/practica_ROS/ros2_prac2_ws/build/cpp_nodes': CMAKE_PREFIX_PATH=/home/parallels/practica_ROS/ros2_prac2_ws/install/interfaces:/home/parallels/practica_ROS/ros2_prac2_ws/install/cpp_nodes:/opt/ros/foxy /usr/bin/cmake --build /home/parallels/practica_ROS/ros2_prac2_ws/build/cpp_nodes -- -j2 -l2
[0.066s] [35m[1mScanning dependencies of target main_node[0m
[0.073s] [ 40%] Built target empaquetado_nodo
[0.099s] [ 60%] [32mBuilding CXX object CMakeFiles/main_node.dir/src/main_2.cpp.o[0m
[0.112s] [ 80%] [32mBuilding CXX object CMakeFiles/main_node.dir/src/informacion_personal_nodo.cpp.o[0m
[3.109s] [01m[K/home/parallels/practica_ROS/ros2_prac2_ws/src/cpp_nodes/src/informacion_personal_nodo.cpp:[m[K In member function â€˜[01m[Kvirtual void InformacionPersonalNodo::get_user_input()[m[Kâ€™:
[3.110s] [01m[K/home/parallels/practica_ROS/ros2_prac2_ws/src/cpp_nodes/src/informacion_personal_nodo.cpp:21:39:[m[K [01;31m[Kerror: [m[Kexpected â€˜[01m[K)[m[Kâ€™ before â€˜[01m[K;[m[Kâ€™ token
[3.110s]    21 |         std::getline[34m[K([m[Kstd::cin, nombre_[01;31m[K;[m[K // Read input from the user
[3.110s]       |                     [34m[K~[m[K                 [01;31m[K^[m[K
[3.110s]       |                                       [32m[K)[m[K
[3.127s] [01m[K/home/parallels/practica_ROS/ros2_prac2_ws/src/cpp_nodes/src/informacion_personal_nodo.cpp:23:13:[m[K [01;31m[Kerror: [m[Kâ€˜[01m[Kuser_input_[m[Kâ€™ was not declared in this scope; did you mean â€˜[01m[Kget_user_input[m[Kâ€™?
[3.127s]    23 |         if ([01;31m[Kuser_input_[m[K.empty())
[3.127s]       |             [01;31m[K^~~~~~~~~~~[m[K
[3.127s]       |             [32m[Kget_user_input[m[K
[3.131s] [01m[K/home/parallels/practica_ROS/ros2_prac2_ws/src/cpp_nodes/src/informacion_personal_nodo.cpp:[m[K In member function â€˜[01m[Kvoid InformacionPersonalNodo::timer_callback()[m[Kâ€™:
[3.132s] [01m[K/home/parallels/practica_ROS/ros2_prac2_ws/src/cpp_nodes/src/informacion_personal_nodo.cpp:44:11:[m[K [01;31m[Kerror: [m[Kâ€˜[01m[Kstruct interfaces::msg::InfPersonalUsuario_<std::allocator<void> >[m[Kâ€™ has no member named â€˜[01m[Kdata[m[Kâ€™
[3.132s]    44 |   message.[01;31m[Kdata[m[K = user_input_;
[3.132s]       |           [01;31m[K^~~~[m[K
[3.138s] [01m[K/home/parallels/practica_ROS/ros2_prac2_ws/src/cpp_nodes/src/informacion_personal_nodo.cpp:44:18:[m[K [01;31m[Kerror: [m[Kâ€˜[01m[Kuser_input_[m[Kâ€™ was not declared in this scope; did you mean â€˜[01m[Kget_user_input[m[Kâ€™?
[3.138s]    44 |   message.data = [01;31m[Kuser_input_[m[K;
[3.138s]       |                  [01;31m[K^~~~~~~~~~~[m[K
[3.138s]       |                  [32m[Kget_user_input[m[K
[3.140s] In file included from [01m[K/opt/ros/foxy/include/rclcpp/client.hpp:40[m[K,
[3.140s]                  from [01m[K/opt/ros/foxy/include/rclcpp/callback_group.hpp:23[m[K,
[3.140s]                  from [01m[K/opt/ros/foxy/include/rclcpp/any_executable.hpp:20[m[K,
[3.140s]                  from [01m[K/opt/ros/foxy/include/rclcpp/memory_strategy.hpp:24[m[K,
[3.140s]                  from [01m[K/opt/ros/foxy/include/rclcpp/memory_strategies.hpp:18[m[K,
[3.140s]                  from [01m[K/opt/ros/foxy/include/rclcpp/executor_options.hpp:20[m[K,
[3.141s]                  from [01m[K/opt/ros/foxy/include/rclcpp/executor.hpp:33[m[K,
[3.141s]                  from [01m[K/opt/ros/foxy/include/rclcpp/executors/multi_threaded_executor.hpp:26[m[K,
[3.141s]                  from [01m[K/opt/ros/foxy/include/rclcpp/executors.hpp:21[m[K,
[3.141s]                  from [01m[K/opt/ros/foxy/include/rclcpp/rclcpp.hpp:146[m[K,
[3.141s]                  from [01m[K/home/parallels/practica_ROS/ros2_prac2_ws/src/cpp_nodes/include/informacion_personal_nodo.hpp:4[m[K,
[3.141s]                  from [01m[K/home/parallels/practica_ROS/ros2_prac2_ws/src/cpp_nodes/src/informacion_personal_nodo.cpp:1[m[K:
[3.141s] [01m[K/home/parallels/practica_ROS/ros2_prac2_ws/src/cpp_nodes/src/informacion_personal_nodo.cpp:45:63:[m[K [01;31m[Kerror: [m[Kâ€˜[01m[Kstruct interfaces::msg::InfPersonalUsuario_<std::allocator<void> >[m[Kâ€™ has no member named â€˜[01m[Kdata[m[Kâ€™
[3.141s]    45 |   RCLCPP_INFO(this->get_logger(), "Publishing: '%s'", message.[01;31m[Kdata[m[K.c_str());
[3.141s]       |                                                               [01;31m[K^~~~[m[K
[5.197s] make[2]: *** [CMakeFiles/main_node.dir/build.make:76: CMakeFiles/main_node.dir/src/informacion_personal_nodo.cpp.o] Error 1
[5.198s] make[1]: *** [CMakeFiles/Makefile2:107: CMakeFiles/main_node.dir/all] Error 2
[5.198s] make: *** [Makefile:141: all] Error 2
[5.233s] Invoked command in '/home/parallels/practica_ROS/ros2_prac2_ws/build/cpp_nodes' returned '2': CMAKE_PREFIX_PATH=/home/parallels/practica_ROS/ros2_prac2_ws/install/interfaces:/home/parallels/practica_ROS/ros2_prac2_ws/install/cpp_nodes:/opt/ros/foxy /usr/bin/cmake --build /home/parallels/practica_ROS/ros2_prac2_ws/build/cpp_nodes -- -j2 -l2
