[01m[K/home/parallels/practica_ROS/ros2_prac2_ws/src/cpp_nodes/src/informacion_personal_nodo.cpp:[m[K In constructor â€˜[01m[KInformacionPersonalNodo::InformacionPersonalNodo(const string&)[m[Kâ€™:
[01m[K/home/parallels/practica_ROS/ros2_prac2_ws/src/cpp_nodes/src/informacion_personal_nodo.cpp:12:5:[m[K [01;31m[Kerror: [m[Kâ€˜[01m[Kprompts_[m[Kâ€™ was not declared in this scope
   12 |     [01;31m[Kprompts_[m[K = {"Como se llama?", "Que edad tiene?", "Que idiomas habla?"};
      |     [01;31m[K^~~~~~~~[m[K
[01m[K/home/parallels/practica_ROS/ros2_prac2_ws/src/cpp_nodes/src/informacion_personal_nodo.cpp:[m[K In member function â€˜[01m[Kvirtual void InformacionPersonalNodo::get_user_input()[m[Kâ€™:
[01m[K/home/parallels/practica_ROS/ros2_prac2_ws/src/cpp_nodes/src/informacion_personal_nodo.cpp:26:22:[m[K [01;31m[Kerror: [m[Kâ€˜[01m[Kprompts_[m[Kâ€™ was not declared in this scope
   26 |         std::cout << [01;31m[Kprompts_[m[K[counter % 3] << std::endl;
      |                      [01;31m[K^~~~~~~~[m[K
make[2]: *** [CMakeFiles/main_node.dir/build.make:76: CMakeFiles/main_node.dir/src/informacion_personal_nodo.cpp.o] Error 1
make[1]: *** [CMakeFiles/Makefile2:107: CMakeFiles/main_node.dir/all] Error 2
make: *** [Makefile:141: all] Error 2
