[35m[1mScanning dependencies of target main_node[0m
[ 25%] [32mBuilding CXX object CMakeFiles/main_node.dir/src/input_node.cpp.o[0m
[01m[K/home/parallels/practica_ROS/ros2_prac2_ws/src/cpp_nodes/src/input_node.cpp:[m[K In member function â€˜[01m[Kvirtual void InputNode::get_user_input()[m[Kâ€™:
[01m[K/home/parallels/practica_ROS/ros2_prac2_ws/src/cpp_nodes/src/input_node.cpp:30:29:[m[K [01;31m[Kerror: [m[Kexpected â€˜[01m[K;[m[Kâ€™ before â€˜[01m[K}[m[Kâ€™ token
   30 |             timer_callback()
      |                             [01;31m[K^[m[K
      |                             [32m[K;[m[K
   31 |         [32m[K}[m[K
      |         [32m[K~[m[K                    
make[2]: *** [CMakeFiles/main_node.dir/build.make:76: CMakeFiles/main_node.dir/src/input_node.cpp.o] Error 1
make[1]: *** [CMakeFiles/Makefile2:78: CMakeFiles/main_node.dir/all] Error 2
make: *** [Makefile:141: all] Error 2
