-- Found ament_cmake: 0.9.12 (/opt/ros/foxy/share/ament_cmake/cmake)
-- Using PYTHON_EXECUTABLE: /usr/bin/python3
-- Found rclcpp: 2.4.3 (/opt/ros/foxy/share/rclcpp/cmake)
-- Using all available rosidl_typesupport_c: rosidl_typesupport_fastrtps_c;rosidl_typesupport_introspection_c
-- Found rosidl_adapter: 1.3.1 (/opt/ros/foxy/share/rosidl_adapter/cmake)
-- Using all available rosidl_typesupport_cpp: rosidl_typesupport_fastrtps_cpp;rosidl_typesupport_introspection_cpp
-- Found rmw_implementation_cmake: 1.0.4 (/opt/ros/foxy/share/rmw_implementation_cmake/cmake)
-- Using RMW implementation 'rmw_fastrtps_cpp' as default
-- Found interfaces: 0.0.0 (/home/parallels/practica_ROS/ros2_prac2_ws/install/interfaces/share/interfaces/cmake)
-- Configuring done
-- Generating done
-- Build files have been written to: /home/parallels/practica_ROS/ros2_prac2_ws/build/cpp_nodes
[35m[1mScanning dependencies of target main_node[0m
[ 40%] Built target empaquetado_nodo
[ 60%] [32mBuilding CXX object CMakeFiles/main_node.dir/src/main_2.cpp.o[0m
[ 80%] [32mBuilding CXX object CMakeFiles/main_node.dir/src/informacion_personal_nodo.cpp.o[0m
In file included from [01m[K/home/parallels/practica_ROS/ros2_prac2_ws/src/cpp_nodes/src/main_2.cpp:1[m[K:
[01m[K/home/parallels/practica_ROS/ros2_prac2_ws/src/cpp_nodes/include/informacion_personal_nodo.hpp:8:10:[m[K [01;31m[Kfatal error: [m[Kinterfaces/msg/inf_personal_usuario.hpp: No such file or directory
    8 | #include [01;31m[K"interfaces/msg/inf_personal_usuario.hpp"[m[K
      |          [01;31m[K^~~~~~~~~~~~~~~~~~~~~~~~~~~~~~~~~~~~~~~~~[m[K
compilation terminated.
In file included from [01m[K/home/parallels/practica_ROS/ros2_prac2_ws/src/cpp_nodes/src/informacion_personal_nodo.cpp:1[m[K:
[01m[K/home/parallels/practica_ROS/ros2_prac2_ws/src/cpp_nodes/include/informacion_personal_nodo.hpp:8:10:[m[K [01;31m[Kfatal error: [m[Kinterfaces/msg/inf_personal_usuario.hpp: No such file or directory
    8 | #include [01;31m[K"interfaces/msg/inf_personal_usuario.hpp"[m[K
      |          [01;31m[K^~~~~~~~~~~~~~~~~~~~~~~~~~~~~~~~~~~~~~~~~[m[K
compilation terminated.
make[2]: *** [CMakeFiles/main_node.dir/build.make:63: CMakeFiles/main_node.dir/src/main_2.cpp.o] Error 1
make[2]: *** Waiting for unfinished jobs....
make[2]: *** [CMakeFiles/main_node.dir/build.make:76: CMakeFiles/main_node.dir/src/informacion_personal_nodo.cpp.o] Error 1
make[1]: *** [CMakeFiles/Makefile2:107: CMakeFiles/main_node.dir/all] Error 2
make: *** [Makefile:141: all] Error 2
