-- Found ament_cmake: 0.9.12 (/opt/ros/foxy/share/ament_cmake/cmake)
-- Using PYTHON_EXECUTABLE: /usr/bin/python3
-- Found rclcpp: 2.4.3 (/opt/ros/foxy/share/rclcpp/cmake)
-- Using all available rosidl_typesupport_c: rosidl_typesupport_fastrtps_c;rosidl_typesupport_introspection_c
-- Found rosidl_adapter: 1.3.1 (/opt/ros/foxy/share/rosidl_adapter/cmake)
-- Using all available rosidl_typesupport_cpp: rosidl_typesupport_fastrtps_cpp;rosidl_typesupport_introspection_cpp
-- Found rmw_implementation_cmake: 1.0.4 (/opt/ros/foxy/share/rmw_implementation_cmake/cmake)
-- Using RMW implementation 'rmw_fastrtps_cpp' as default
-- Configuring done
-- Generating done
-- Build files have been written to: /home/parallels/practica_ROS/ros2_prac2_ws/build/cpp_nodes
[35m[1mScanning dependencies of target main_node[0m
[ 25%] [32mBuilding CXX object CMakeFiles/main_node.dir/src/main_2.cpp.o[0m
[ 50%] [32mBuilding CXX object CMakeFiles/main_node.dir/src/derived_input_node.cpp.o[0m
In file included from [01m[K/home/parallels/practica_ROS/ros2_prac2_ws/src/cpp_nodes/src/derived_input_node.cpp:1[m[K:
[01m[K/home/parallels/practica_ROS/ros2_prac2_ws/src/cpp_nodes/include/derived_input_node.hpp:1:[m[K [01;31m[Kerror: [m[Kunterminated #ifndef
    1 | #ifndef DERIVED_INPUT_NODE_HPP
      | 
In file included from [01m[K/home/parallels/practica_ROS/ros2_prac2_ws/src/cpp_nodes/src/main_2.cpp:1[m[K:
[01m[K/home/parallels/practica_ROS/ros2_prac2_ws/src/cpp_nodes/include/derived_input_node.hpp:1:[m[K [01;31m[Kerror: [m[Kunterminated #ifndef
    1 | #ifndef DERIVED_INPUT_NODE_HPP
      | 
In file included from [01m[K/home/parallels/practica_ROS/ros2_prac2_ws/src/cpp_nodes/src/derived_input_node.cpp:1[m[K:
[01m[K/home/parallels/practica_ROS/ros2_prac2_ws/src/cpp_nodes/include/derived_input_node.hpp:6:1:[m[K [01;31m[Kerror: [m[Knew types may not be defined in a return type
    6 | [01;31m[Kclass[m[K DerivedInputNode : public InputNode
      | [01;31m[K^~~~~[m[K
[01m[K/home/parallels/practica_ROS/ros2_prac2_ws/src/cpp_nodes/include/derived_input_node.hpp:6:1:[m[K [01;36m[Knote: [m[K(perhaps a semicolon is missing after the definition of â€˜[01m[KDerivedInputNode[m[Kâ€™)
[01m[K/home/parallels/practica_ROS/ros2_prac2_ws/src/cpp_nodes/src/derived_input_node.cpp:3:1:[m[K [01;31m[Kerror: [m[Kno declaration matches â€˜[01m[KDerivedInputNode DerivedInputNode::DerivedNode()[m[Kâ€™
    3 | [01;31m[KDerivedInputNode[m[K::DerivedNode()
      | [01;31m[K^~~~~~~~~~~~~~~~[m[K
[01m[K/home/parallels/practica_ROS/ros2_prac2_ws/src/cpp_nodes/src/derived_input_node.cpp:3:1:[m[K [01;36m[Knote: [m[Kno functions named â€˜[01m[KDerivedInputNode DerivedInputNode::DerivedNode()[m[Kâ€™
In file included from [01m[K/home/parallels/practica_ROS/ros2_prac2_ws/src/cpp_nodes/src/derived_input_node.cpp:1[m[K:
[01m[K/home/parallels/practica_ROS/ros2_prac2_ws/src/cpp_nodes/include/derived_input_node.hpp:6:7:[m[K [01;36m[Knote: [m[Kâ€˜[01m[Kclass DerivedInputNode[m[Kâ€™ defined here
    6 | class [01;36m[KDerivedInputNode[m[K : public InputNode
      |       [01;36m[K^~~~~~~~~~~~~~~~[m[K
In file included from [01m[K/home/parallels/practica_ROS/ros2_prac2_ws/src/cpp_nodes/src/main_2.cpp:1[m[K:
[01m[K/home/parallels/practica_ROS/ros2_prac2_ws/src/cpp_nodes/include/derived_input_node.hpp:16:2:[m[K [01;31m[Kerror: [m[Kexpected â€˜[01m[K;[m[Kâ€™ after class definition
   16 | }
      |  [01;31m[K^[m[K
      |  [32m[K;[m[K
make[2]: *** [CMakeFiles/main_node.dir/build.make:76: CMakeFiles/main_node.dir/src/derived_input_node.cpp.o] Error 1
make[2]: *** Waiting for unfinished jobs....
make[2]: *** [CMakeFiles/main_node.dir/build.make:63: CMakeFiles/main_node.dir/src/main_2.cpp.o] Error 1
make[1]: *** [CMakeFiles/Makefile2:78: CMakeFiles/main_node.dir/all] Error 2
make: *** [Makefile:141: all] Error 2
