[0.009s] Invoking command in '/home/parallels/practica_ROS/ros2_prac2_ws/build/cpp_nodes': CMAKE_PREFIX_PATH=${CMAKE_PREFIX_PATH}:/opt/ros/foxy /usr/bin/cmake --build /home/parallels/practica_ROS/ros2_prac2_ws/build/cpp_nodes -- -j2 -l2
[0.056s] -- Found ament_cmake: 0.9.12 (/opt/ros/foxy/share/ament_cmake/cmake)
[0.076s] -- Using PYTHON_EXECUTABLE: /usr/bin/python3
[0.193s] -- Found rclcpp: 2.4.3 (/opt/ros/foxy/share/rclcpp/cmake)
[0.230s] -- Using all available rosidl_typesupport_c: rosidl_typesupport_fastrtps_c;rosidl_typesupport_introspection_c
[0.235s] -- Found rosidl_adapter: 1.3.1 (/opt/ros/foxy/share/rosidl_adapter/cmake)
[0.339s] -- Using all available rosidl_typesupport_cpp: rosidl_typesupport_fastrtps_cpp;rosidl_typesupport_introspection_cpp
[0.383s] -- Found rmw_implementation_cmake: 1.0.4 (/opt/ros/foxy/share/rmw_implementation_cmake/cmake)
[0.385s] -- Using RMW implementation 'rmw_fastrtps_cpp' as default
[0.550s] -- Configuring done
[0.563s] -- Generating done
[0.565s] -- Build files have been written to: /home/parallels/practica_ROS/ros2_prac2_ws/build/cpp_nodes
[0.591s] [35m[1mScanning dependencies of target main_node[0m
[0.617s] [ 25%] [32mBuilding CXX object CMakeFiles/main_node.dir/src/main_2.cpp.o[0m
[0.622s] [ 50%] [32mBuilding CXX object CMakeFiles/main_node.dir/src/derived_input_node.cpp.o[0m
[0.807s] In file included from [01m[K/home/parallels/practica_ROS/ros2_prac2_ws/src/cpp_nodes/src/derived_input_node.cpp:1[m[K:
[0.807s] [01m[K/home/parallels/practica_ROS/ros2_prac2_ws/src/cpp_nodes/include/derived_input_node.hpp:1:[m[K [01;31m[Kerror: [m[Kunterminated #ifndef
[0.807s]     1 | #ifndef DERIVED_INPUT_NODE_HPP
[0.807s]       | 
[0.808s] In file included from [01m[K/home/parallels/practica_ROS/ros2_prac2_ws/src/cpp_nodes/src/main_2.cpp:1[m[K:
[0.809s] [01m[K/home/parallels/practica_ROS/ros2_prac2_ws/src/cpp_nodes/include/derived_input_node.hpp:1:[m[K [01;31m[Kerror: [m[Kunterminated #ifndef
[0.809s]     1 | #ifndef DERIVED_INPUT_NODE_HPP
[0.810s]       | 
[1.831s] In file included from [01m[K/home/parallels/practica_ROS/ros2_prac2_ws/src/cpp_nodes/src/derived_input_node.cpp:1[m[K:
[1.834s] [01m[K/home/parallels/practica_ROS/ros2_prac2_ws/src/cpp_nodes/include/derived_input_node.hpp:6:1:[m[K [01;31m[Kerror: [m[Knew types may not be defined in a return type
[1.834s]     6 | [01;31m[Kclass[m[K DerivedInputNode : public InputNode
[1.835s]       | [01;31m[K^~~~~[m[K
[1.835s] [01m[K/home/parallels/practica_ROS/ros2_prac2_ws/src/cpp_nodes/include/derived_input_node.hpp:6:1:[m[K [01;36m[Knote: [m[K(perhaps a semicolon is missing after the definition of â€˜[01m[KDerivedInputNode[m[Kâ€™)
[1.836s] [01m[K/home/parallels/practica_ROS/ros2_prac2_ws/src/cpp_nodes/src/derived_input_node.cpp:3:1:[m[K [01;31m[Kerror: [m[Kno declaration matches â€˜[01m[KDerivedInputNode DerivedInputNode::DerivedNode()[m[Kâ€™
[1.836s]     3 | [01;31m[KDerivedInputNode[m[K::DerivedNode()
[1.836s]       | [01;31m[K^~~~~~~~~~~~~~~~[m[K
[1.837s] [01m[K/home/parallels/practica_ROS/ros2_prac2_ws/src/cpp_nodes/src/derived_input_node.cpp:3:1:[m[K [01;36m[Knote: [m[Kno functions named â€˜[01m[KDerivedInputNode DerivedInputNode::DerivedNode()[m[Kâ€™
[1.837s] In file included from [01m[K/home/parallels/practica_ROS/ros2_prac2_ws/src/cpp_nodes/src/derived_input_node.cpp:1[m[K:
[1.837s] [01m[K/home/parallels/practica_ROS/ros2_prac2_ws/src/cpp_nodes/include/derived_input_node.hpp:6:7:[m[K [01;36m[Knote: [m[Kâ€˜[01m[Kclass DerivedInputNode[m[Kâ€™ defined here
[1.837s]     6 | class [01;36m[KDerivedInputNode[m[K : public InputNode
[1.838s]       |       [01;36m[K^~~~~~~~~~~~~~~~[m[K
[2.016s] In file included from [01m[K/home/parallels/practica_ROS/ros2_prac2_ws/src/cpp_nodes/src/main_2.cpp:1[m[K:
[2.020s] [01m[K/home/parallels/practica_ROS/ros2_prac2_ws/src/cpp_nodes/include/derived_input_node.hpp:16:2:[m[K [01;31m[Kerror: [m[Kexpected â€˜[01m[K;[m[Kâ€™ after class definition
[2.020s]    16 | }
[2.020s]       |  [01;31m[K^[m[K
[2.020s]       |  [32m[K;[m[K
[2.205s] make[2]: *** [CMakeFiles/main_node.dir/build.make:76: CMakeFiles/main_node.dir/src/derived_input_node.cpp.o] Error 1
[2.205s] make[2]: *** Waiting for unfinished jobs....
[2.305s] make[2]: *** [CMakeFiles/main_node.dir/build.make:63: CMakeFiles/main_node.dir/src/main_2.cpp.o] Error 1
[2.305s] make[1]: *** [CMakeFiles/Makefile2:78: CMakeFiles/main_node.dir/all] Error 2
[2.305s] make: *** [Makefile:141: all] Error 2
[2.328s] Invoked command in '/home/parallels/practica_ROS/ros2_prac2_ws/build/cpp_nodes' returned '2': CMAKE_PREFIX_PATH=${CMAKE_PREFIX_PATH}:/opt/ros/foxy /usr/bin/cmake --build /home/parallels/practica_ROS/ros2_prac2_ws/build/cpp_nodes -- -j2 -l2
