[01m[K/home/parallels/practica_ROS/ros2_prac2_ws/src/cpp_nodes/src/emocion_usuario_nodo.cpp:[m[K In constructor â€˜[01m[KEmocionUsuarioNodo::EmocionUsuarioNodo(const string&)[m[Kâ€™:
[01m[K/home/parallels/practica_ROS/ros2_prac2_ws/src/cpp_nodes/src/emocion_usuario_nodo.cpp:12:5:[m[K [01;31m[Kerror: [m[Kâ€˜[01m[Kprompts_[m[Kâ€™ was not declared in this scope
   12 |     [01;31m[Kprompts_[m[K = {"Como se siente?"};
      |     [01;31m[K^~~~~~~~[m[K
[01m[K/home/parallels/practica_ROS/ros2_prac2_ws/src/cpp_nodes/src/emocion_usuario_nodo.cpp:[m[K In member function â€˜[01m[Kvirtual void EmocionUsuarioNodo::get_user_input()[m[Kâ€™:
[01m[K/home/parallels/practica_ROS/ros2_prac2_ws/src/cpp_nodes/src/emocion_usuario_nodo.cpp:22:22:[m[K [01;31m[Kerror: [m[Kâ€˜[01m[Kprompts_[m[Kâ€™ was not declared in this scope
   22 |         std::cout << [01;31m[Kprompts_[m[K[0] << std::endl;
      |                      [01;31m[K^~~~~~~~[m[K
make[2]: *** [CMakeFiles/emocion_usuario_nodo.dir/build.make:63: CMakeFiles/emocion_usuario_nodo.dir/src/emocion_usuario_nodo.cpp.o] Error 1
make[1]: *** [CMakeFiles/Makefile2:82: CMakeFiles/emocion_usuario_nodo.dir/all] Error 2
make: *** [Makefile:141: all] Error 2
