-- Found ament_cmake: 0.9.12 (/opt/ros/foxy/share/ament_cmake/cmake)
-- Using PYTHON_EXECUTABLE: /usr/bin/python3
-- Found rclcpp: 2.4.3 (/opt/ros/foxy/share/rclcpp/cmake)
-- Using all available rosidl_typesupport_c: rosidl_typesupport_fastrtps_c;rosidl_typesupport_introspection_c
-- Found rosidl_adapter: 1.3.1 (/opt/ros/foxy/share/rosidl_adapter/cmake)
-- Using all available rosidl_typesupport_cpp: rosidl_typesupport_fastrtps_cpp;rosidl_typesupport_introspection_cpp
-- Found rmw_implementation_cmake: 1.0.4 (/opt/ros/foxy/share/rmw_implementation_cmake/cmake)
-- Using RMW implementation 'rmw_fastrtps_cpp' as default
-- Found interfaces: 0.0.0 (/home/parallels/practica_ROS/ros2_prac2_ws/install/interfaces/share/interfaces/cmake)
-- Configuring done
-- Generating done
-- Build files have been written to: /home/parallels/practica_ROS/ros2_prac2_ws/build/cpp_nodes
[35m[1mScanning dependencies of target emocion_usuario_nodo[0m
[ 28%] Built target empaquetado_nodo
[ 71%] Built target main_node
[ 85%] [32mBuilding CXX object CMakeFiles/emocion_usuario_nodo.dir/src/emocion_usuario_nodo.cpp.o[0m
[01m[K/home/parallels/practica_ROS/ros2_prac2_ws/src/cpp_nodes/src/emocion_usuario_nodo.cpp:[m[K In constructor â€˜[01m[KEmocionUsuarioNodo::EmocionUsuarioNodo(const string&)[m[Kâ€™:
[01m[K/home/parallels/practica_ROS/ros2_prac2_ws/src/cpp_nodes/src/emocion_usuario_nodo.cpp:12:5:[m[K [01;31m[Kerror: [m[Kâ€˜[01m[Kprompts_[m[Kâ€™ was not declared in this scope
   12 |     [01;31m[Kprompts_[m[K = {"Como se siente?"};
      |     [01;31m[K^~~~~~~~[m[K
[01m[K/home/parallels/practica_ROS/ros2_prac2_ws/src/cpp_nodes/src/emocion_usuario_nodo.cpp:[m[K In member function â€˜[01m[Kvirtual void EmocionUsuarioNodo::get_user_input()[m[Kâ€™:
[01m[K/home/parallels/practica_ROS/ros2_prac2_ws/src/cpp_nodes/src/emocion_usuario_nodo.cpp:22:22:[m[K [01;31m[Kerror: [m[Kâ€˜[01m[Kprompts_[m[Kâ€™ was not declared in this scope
   22 |         std::cout << [01;31m[Kprompts_[m[K[0] << std::endl;
      |                      [01;31m[K^~~~~~~~[m[K
make[2]: *** [CMakeFiles/emocion_usuario_nodo.dir/build.make:63: CMakeFiles/emocion_usuario_nodo.dir/src/emocion_usuario_nodo.cpp.o] Error 1
make[1]: *** [CMakeFiles/Makefile2:82: CMakeFiles/emocion_usuario_nodo.dir/all] Error 2
make: *** [Makefile:141: all] Error 2
