[0.007s] Invoking command in '/home/parallels/practica_ROS/ros2_prac2_ws/build/cpp_nodes': CMAKE_PREFIX_PATH=/home/parallels/practica_ROS/ros2_prac2_ws/install/interfaces:/home/parallels/practica_ROS/ros2_prac2_ws/install/cpp_nodes:/opt/ros/foxy /usr/bin/cmake --build /home/parallels/practica_ROS/ros2_prac2_ws/build/cpp_nodes -- -j2 -l2
[0.036s] -- Found ament_cmake: 0.9.12 (/opt/ros/foxy/share/ament_cmake/cmake)
[0.054s] -- Using PYTHON_EXECUTABLE: /usr/bin/python3
[0.215s] -- Found rclcpp: 2.4.3 (/opt/ros/foxy/share/rclcpp/cmake)
[0.307s] -- Using all available rosidl_typesupport_c: rosidl_typesupport_fastrtps_c;rosidl_typesupport_introspection_c
[0.314s] -- Found rosidl_adapter: 1.3.1 (/opt/ros/foxy/share/rosidl_adapter/cmake)
[0.427s] -- Using all available rosidl_typesupport_cpp: rosidl_typesupport_fastrtps_cpp;rosidl_typesupport_introspection_cpp
[0.468s] -- Found rmw_implementation_cmake: 1.0.4 (/opt/ros/foxy/share/rmw_implementation_cmake/cmake)
[0.469s] -- Using RMW implementation 'rmw_fastrtps_cpp' as default
[0.578s] -- Found interfaces: 0.0.0 (/home/parallels/practica_ROS/ros2_prac2_ws/install/interfaces/share/interfaces/cmake)
[0.628s] -- Configuring done
[0.642s] -- Generating done
[0.647s] -- Build files have been written to: /home/parallels/practica_ROS/ros2_prac2_ws/build/cpp_nodes
[0.664s] [35m[1mScanning dependencies of target emocion_usuario_nodo[0m
[0.687s] [ 28%] Built target empaquetado_nodo
[0.707s] [ 71%] Built target main_node
[0.729s] [ 85%] [32mBuilding CXX object CMakeFiles/emocion_usuario_nodo.dir/src/emocion_usuario_nodo.cpp.o[0m
[1.518s] [01m[K/home/parallels/practica_ROS/ros2_prac2_ws/src/cpp_nodes/src/emocion_usuario_nodo.cpp:[m[K In constructor â€˜[01m[KEmocionUsuarioNodo::EmocionUsuarioNodo(const string&)[m[Kâ€™:
[1.518s] [01m[K/home/parallels/practica_ROS/ros2_prac2_ws/src/cpp_nodes/src/emocion_usuario_nodo.cpp:12:5:[m[K [01;31m[Kerror: [m[Kâ€˜[01m[Kprompts_[m[Kâ€™ was not declared in this scope
[1.518s]    12 |     [01;31m[Kprompts_[m[K = {"Como se siente?"};
[1.518s]       |     [01;31m[K^~~~~~~~[m[K
[1.520s] [01m[K/home/parallels/practica_ROS/ros2_prac2_ws/src/cpp_nodes/src/emocion_usuario_nodo.cpp:[m[K In member function â€˜[01m[Kvirtual void EmocionUsuarioNodo::get_user_input()[m[Kâ€™:
[1.520s] [01m[K/home/parallels/practica_ROS/ros2_prac2_ws/src/cpp_nodes/src/emocion_usuario_nodo.cpp:22:22:[m[K [01;31m[Kerror: [m[Kâ€˜[01m[Kprompts_[m[Kâ€™ was not declared in this scope
[1.520s]    22 |         std::cout << [01;31m[Kprompts_[m[K[0] << std::endl;
[1.520s]       |                      [01;31m[K^~~~~~~~[m[K
[1.962s] make[2]: *** [CMakeFiles/emocion_usuario_nodo.dir/build.make:63: CMakeFiles/emocion_usuario_nodo.dir/src/emocion_usuario_nodo.cpp.o] Error 1
[1.962s] make[1]: *** [CMakeFiles/Makefile2:82: CMakeFiles/emocion_usuario_nodo.dir/all] Error 2
[1.962s] make: *** [Makefile:141: all] Error 2
[1.970s] Invoked command in '/home/parallels/practica_ROS/ros2_prac2_ws/build/cpp_nodes' returned '2': CMAKE_PREFIX_PATH=/home/parallels/practica_ROS/ros2_prac2_ws/install/interfaces:/home/parallels/practica_ROS/ros2_prac2_ws/install/cpp_nodes:/opt/ros/foxy /usr/bin/cmake --build /home/parallels/practica_ROS/ros2_prac2_ws/build/cpp_nodes -- -j2 -l2
