[0.009s] Invoking command in '/home/parallels/practica_ROS/ros2_prac2_ws/build/cpp_nodes': CMAKE_PREFIX_PATH=/home/parallels/practica_ROS/ros2_prac2_ws/install/interfaces:/home/parallels/practica_ROS/ros2_prac2_ws/install/cpp_nodes:/opt/ros/foxy /usr/bin/cmake --build /home/parallels/practica_ROS/ros2_prac2_ws/build/cpp_nodes -- -j2 -l2
[0.039s] [35m[1mScanning dependencies of target emocion_usuario_nodo[0m
[0.056s] [ 33%] Built target empaquetado_nodo
[0.064s] [35m[1mScanning dependencies of target informacion_personal_nodo[0m
[0.081s] [ 50%] [32mBuilding CXX object CMakeFiles/emocion_usuario_nodo.dir/src/emocion_usuario_nodo.cpp.o[0m
[0.090s] [ 66%] [32mBuilding CXX object CMakeFiles/informacion_personal_nodo.dir/src/informacion_personal_nodo.cpp.o[0m
[0.281s] [01m[K/home/parallels/practica_ROS/ros2_prac2_ws/src/cpp_nodes/src/informacion_personal_nodo.cpp:9:37:[m[K [01;35m[Kwarning: [m[Kmissing terminating " character
[0.281s]     9 |     RCLCPP_INFO(this->get_logger(), [01;35m[K"[m[KInformacionPersonalNodo has started.);
[0.281s]       |                                     [01;35m[K^[m[K
[0.281s] [01m[K/home/parallels/practica_ROS/ros2_prac2_ws/src/cpp_nodes/src/informacion_personal_nodo.cpp:75:[m[K [01;31m[Kerror: [m[Kunterminated argument list invoking macro "RCLCPP_INFO"
[0.281s]    75 | }
[0.281s]       | 
[1.476s] [01m[K/home/parallels/practica_ROS/ros2_prac2_ws/src/cpp_nodes/src/informacion_personal_nodo.cpp:[m[K In constructor â€˜[01m[KInformacionPersonalNodo::InformacionPersonalNodo(const string&)[m[Kâ€™:
[1.476s] [01m[K/home/parallels/practica_ROS/ros2_prac2_ws/src/cpp_nodes/src/informacion_personal_nodo.cpp:9:5:[m[K [01;31m[Kerror: [m[Kâ€˜[01m[KRCLCPP_INFO[m[Kâ€™ was not declared in this scope
[1.476s]     9 |     [01;31m[KRCLCPP_INFO[m[K(this->get_logger(), "InformacionPersonalNodo has started.);
[1.477s]       |     [01;31m[K^~~~~~~~~~~[m[K
[1.477s] [01m[K/home/parallels/practica_ROS/ros2_prac2_ws/src/cpp_nodes/src/informacion_personal_nodo.cpp:9:5:[m[K [01;31m[Kerror: [m[Kexpected â€˜[01m[K}[m[Kâ€™ at end of input
[1.477s] [01m[K/home/parallels/practica_ROS/ros2_prac2_ws/src/cpp_nodes/src/informacion_personal_nodo.cpp:8:1:[m[K [01;36m[Knote: [m[Kto match this â€˜[01m[K{[m[Kâ€™
[1.477s]     8 | [01;36m[K{[m[K
[1.478s]       | [01;36m[K^[m[K
[1.878s] make[2]: *** [CMakeFiles/informacion_personal_nodo.dir/build.make:63: CMakeFiles/informacion_personal_nodo.dir/src/informacion_personal_nodo.cpp.o] Error 1
[1.879s] make[1]: *** [CMakeFiles/Makefile2:136: CMakeFiles/informacion_personal_nodo.dir/all] Error 2
[1.879s] make[1]: *** Waiting for unfinished jobs....
[2.712s] [ 83%] [32m[1mLinking CXX executable emocion_usuario_nodo[0m
[2.877s] [ 83%] Built target emocion_usuario_nodo
[2.879s] make: *** [Makefile:141: all] Error 2
[2.893s] Invoked command in '/home/parallels/practica_ROS/ros2_prac2_ws/build/cpp_nodes' returned '2': CMAKE_PREFIX_PATH=/home/parallels/practica_ROS/ros2_prac2_ws/install/interfaces:/home/parallels/practica_ROS/ros2_prac2_ws/install/cpp_nodes:/opt/ros/foxy /usr/bin/cmake --build /home/parallels/practica_ROS/ros2_prac2_ws/build/cpp_nodes -- -j2 -l2
