[0.013s] Invoking command in '/home/parallels/practica_ROS/ros2_prac2_ws/build/cpp_nodes': CMAKE_PREFIX_PATH=${CMAKE_PREFIX_PATH}:/opt/ros/foxy /usr/bin/cmake --build /home/parallels/practica_ROS/ros2_prac2_ws/build/cpp_nodes -- -j2 -l2
[0.059s] -- Found ament_cmake: 0.9.12 (/opt/ros/foxy/share/ament_cmake/cmake)
[0.074s] -- Using PYTHON_EXECUTABLE: /usr/bin/python3
[0.172s] -- Found rclcpp: 2.4.3 (/opt/ros/foxy/share/rclcpp/cmake)
[0.206s] -- Using all available rosidl_typesupport_c: rosidl_typesupport_fastrtps_c;rosidl_typesupport_introspection_c
[0.209s] -- Found rosidl_adapter: 1.3.1 (/opt/ros/foxy/share/rosidl_adapter/cmake)
[0.358s] -- Using all available rosidl_typesupport_cpp: rosidl_typesupport_fastrtps_cpp;rosidl_typesupport_introspection_cpp
[0.424s] -- Found rmw_implementation_cmake: 1.0.4 (/opt/ros/foxy/share/rmw_implementation_cmake/cmake)
[0.426s] -- Using RMW implementation 'rmw_fastrtps_cpp' as default
[0.536s] -- Found interfaces: 0.0.0 (/home/parallels/practica_ROS/ros2_prac2_ws/install/interfaces/share/interfaces/cmake)
[0.583s] -- Configuring done
[0.589s] -- Generating done
[0.592s] -- Build files have been written to: /home/parallels/practica_ROS/ros2_prac2_ws/build/cpp_nodes
[0.615s] [35m[1mScanning dependencies of target main_node[0m
[0.637s] [ 25%] [32mBuilding CXX object CMakeFiles/main_node.dir/src/main_2.cpp.o[0m
[0.648s] [ 50%] [32mBuilding CXX object CMakeFiles/main_node.dir/src/input_node.cpp.o[0m
[1.944s] [01m[K/home/parallels/practica_ROS/ros2_prac2_ws/src/cpp_nodes/src/input_node.cpp:33:6:[m[K [01;31m[Kerror: [m[Kâ€˜[01m[KMinimalPublisher[m[Kâ€™ has not been declared
[1.944s]    33 | void [01;31m[KMinimalPublisher[m[K::timer_callback()
[1.944s]       |      [01;31m[K^~~~~~~~~~~~~~~~[m[K
[1.944s] In file included from [01m[K/opt/ros/foxy/include/rclcpp/service.hpp:34[m[K,
[1.944s]                  from [01m[K/opt/ros/foxy/include/rclcpp/callback_group.hpp:25[m[K,
[1.944s]                  from [01m[K/opt/ros/foxy/include/rclcpp/any_executable.hpp:20[m[K,
[1.944s]                  from [01m[K/opt/ros/foxy/include/rclcpp/memory_strategy.hpp:24[m[K,
[1.944s]                  from [01m[K/opt/ros/foxy/include/rclcpp/memory_strategies.hpp:18[m[K,
[1.944s]                  from [01m[K/opt/ros/foxy/include/rclcpp/executor_options.hpp:20[m[K,
[1.944s]                  from [01m[K/opt/ros/foxy/include/rclcpp/executor.hpp:33[m[K,
[1.944s]                  from [01m[K/opt/ros/foxy/include/rclcpp/executors/multi_threaded_executor.hpp:26[m[K,
[1.944s]                  from [01m[K/opt/ros/foxy/include/rclcpp/executors.hpp:21[m[K,
[1.945s]                  from [01m[K/opt/ros/foxy/include/rclcpp/rclcpp.hpp:146[m[K,
[1.945s]                  from [01m[K/home/parallels/practica_ROS/ros2_prac2_ws/src/cpp_nodes/include/input_node.hpp:4[m[K,
[1.945s]                  from [01m[K/home/parallels/practica_ROS/ros2_prac2_ws/src/cpp_nodes/src/input_node.cpp:1[m[K:
[1.945s] [01m[K/home/parallels/practica_ROS/ros2_prac2_ws/src/cpp_nodes/src/input_node.cpp:[m[K In function â€˜[01m[Kvoid timer_callback()[m[Kâ€™:
[1.945s] [01m[K/home/parallels/practica_ROS/ros2_prac2_ws/src/cpp_nodes/src/input_node.cpp:37:15:[m[K [01;31m[Kerror: [m[Kinvalid use of â€˜[01m[Kthis[m[Kâ€™ in non-member function
[1.945s]    37 |   RCLCPP_INFO([01;31m[Kthis[m[K->get_logger(), "Publishing: '%d'", message.data);
[1.945s]       |               [01;31m[K^~~~[m[K
[1.945s] [01m[K/home/parallels/practica_ROS/ros2_prac2_ws/src/cpp_nodes/src/input_node.cpp:37:15:[m[K [01;31m[Kerror: [m[Kinvalid use of â€˜[01m[Kthis[m[Kâ€™ in non-member function
[1.945s] [01m[K/home/parallels/practica_ROS/ros2_prac2_ws/src/cpp_nodes/src/input_node.cpp:37:3:[m[K [01;31m[Kerror: [m[Ktemplate argument 1 is invalid
[1.945s]    37 |   [01;31m[KRCLCPP_INFO[m[K(this->get_logger(), "Publishing: '%d'", message.data);
[1.945s]       |   [01;31m[K^~~~~~~~~~~[m[K
[1.945s] [01m[K/home/parallels/practica_ROS/ros2_prac2_ws/src/cpp_nodes/src/input_node.cpp:37:3:[m[K [01;31m[Kerror: [m[Ktemplate argument 1 is invalid
[1.945s]    37 |   [01;31m[KRCLCPP_INFO[m[K(this->get_logger(), "Publishing: '%d'", message.data);
[1.945s]       |   [01;31m[K^~~~~~~~~~~[m[K
[1.945s] [01m[K/home/parallels/practica_ROS/ros2_prac2_ws/src/cpp_nodes/src/input_node.cpp:37:3:[m[K [01;31m[Kerror: [m[Ktemplate argument 1 is invalid
[1.945s]    37 |   [01;31m[KRCLCPP_INFO[m[K(this->get_logger(), "Publishing: '%d'", message.data);
[1.945s]       |   [01;31m[K^~~~~~~~~~~[m[K
[1.945s] In file included from [01m[K/opt/ros/foxy/include/rclcpp/client.hpp:40[m[K,
[1.945s]                  from [01m[K/opt/ros/foxy/include/rclcpp/callback_group.hpp:23[m[K,
[1.945s]                  from [01m[K/opt/ros/foxy/include/rclcpp/any_executable.hpp:20[m[K,
[1.945s]                  from [01m[K/opt/ros/foxy/include/rclcpp/memory_strategy.hpp:24[m[K,
[1.945s]                  from [01m[K/opt/ros/foxy/include/rclcpp/memory_strategies.hpp:18[m[K,
[1.945s]                  from [01m[K/opt/ros/foxy/include/rclcpp/executor_options.hpp:20[m[K,
[1.945s]                  from [01m[K/opt/ros/foxy/include/rclcpp/executor.hpp:33[m[K,
[1.945s]                  from [01m[K/opt/ros/foxy/include/rclcpp/executors/multi_threaded_executor.hpp:26[m[K,
[1.945s]                  from [01m[K/opt/ros/foxy/include/rclcpp/executors.hpp:21[m[K,
[1.945s]                  from [01m[K/opt/ros/foxy/include/rclcpp/rclcpp.hpp:146[m[K,
[1.945s]                  from [01m[K/home/parallels/practica_ROS/ros2_prac2_ws/src/cpp_nodes/include/input_node.hpp:4[m[K,
[1.945s]                  from [01m[K/home/parallels/practica_ROS/ros2_prac2_ws/src/cpp_nodes/src/input_node.cpp:1[m[K:
[1.945s] [01m[K/home/parallels/practica_ROS/ros2_prac2_ws/src/cpp_nodes/src/input_node.cpp:37:15:[m[K [01;31m[Kerror: [m[Kinvalid use of â€˜[01m[Kthis[m[Kâ€™ in non-member function
[1.945s]    37 |   RCLCPP_INFO([01;31m[Kthis[m[K->get_logger(), "Publishing: '%d'", message.data);
[1.945s]       |               [01;31m[K^~~~[m[K
[1.945s] [01m[K/home/parallels/practica_ROS/ros2_prac2_ws/src/cpp_nodes/src/input_node.cpp:37:15:[m[K [01;31m[Kerror: [m[Kinvalid use of â€˜[01m[Kthis[m[Kâ€™ in non-member function
[1.945s]    37 |   RCLCPP_INFO([01;31m[Kthis[m[K->get_logger(), "Publishing: '%d'", message.data);
[1.945s]       |               [01;31m[K^~~~[m[K
[1.948s] [01m[K/home/parallels/practica_ROS/ros2_prac2_ws/src/cpp_nodes/src/input_node.cpp:38:3:[m[K [01;31m[Kerror: [m[Kâ€˜[01m[Kpublisher_[m[Kâ€™ was not declared in this scope; did you mean â€˜[01m[Krcl_publisher_t[m[Kâ€™?
[1.948s]    38 |   [01;31m[Kpublisher_[m[K->publish(message);
[1.948s]       |   [01;31m[K^~~~~~~~~~[m[K
[1.948s]       |   [32m[Krcl_publisher_t[m[K
[2.206s] [ 75%] [32mBuilding CXX object CMakeFiles/main_node.dir/src/derived_input_node.cpp.o[0m
[2.519s] make[2]: *** [CMakeFiles/main_node.dir/build.make:76: CMakeFiles/main_node.dir/src/input_node.cpp.o] Error 1
[2.519s] make[2]: *** Waiting for unfinished jobs....
[3.260s] make[1]: *** [CMakeFiles/Makefile2:78: CMakeFiles/main_node.dir/all] Error 2
[3.260s] make: *** [Makefile:141: all] Error 2
[3.268s] Invoked command in '/home/parallels/practica_ROS/ros2_prac2_ws/build/cpp_nodes' returned '2': CMAKE_PREFIX_PATH=${CMAKE_PREFIX_PATH}:/opt/ros/foxy /usr/bin/cmake --build /home/parallels/practica_ROS/ros2_prac2_ws/build/cpp_nodes -- -j2 -l2
