[0.008s] Invoking command in '/home/parallels/practica_ROS/ros2_prac2_ws/build/cpp_nodes': CMAKE_PREFIX_PATH=/opt/ros/foxy /usr/bin/cmake /home/parallels/practica_ROS/ros2_prac2_ws/src/cpp_nodes -DCMAKE_INSTALL_PREFIX=/home/parallels/practica_ROS/ros2_prac2_ws/install/cpp_nodes
[0.021s] -- Found ament_cmake: 0.9.12 (/opt/ros/foxy/share/ament_cmake/cmake)
[0.035s] -- Using PYTHON_EXECUTABLE: /usr/bin/python3
[0.127s] -- Found rclcpp: 2.4.3 (/opt/ros/foxy/share/rclcpp/cmake)
[0.149s] -- Using all available rosidl_typesupport_c: rosidl_typesupport_fastrtps_c;rosidl_typesupport_introspection_c
[0.151s] -- Found rosidl_adapter: 1.3.1 (/opt/ros/foxy/share/rosidl_adapter/cmake)
[0.253s] -- Using all available rosidl_typesupport_cpp: rosidl_typesupport_fastrtps_cpp;rosidl_typesupport_introspection_cpp
[0.298s] -- Found rmw_implementation_cmake: 1.0.4 (/opt/ros/foxy/share/rmw_implementation_cmake/cmake)
[0.299s] -- Using RMW implementation 'rmw_fastrtps_cpp' as default
[0.484s] -- Configuring done
[0.491s] -- Generating done
[0.493s] -- Build files have been written to: /home/parallels/practica_ROS/ros2_prac2_ws/build/cpp_nodes
[0.498s] Invoked command in '/home/parallels/practica_ROS/ros2_prac2_ws/build/cpp_nodes' returned '0': CMAKE_PREFIX_PATH=/opt/ros/foxy /usr/bin/cmake /home/parallels/practica_ROS/ros2_prac2_ws/src/cpp_nodes -DCMAKE_INSTALL_PREFIX=/home/parallels/practica_ROS/ros2_prac2_ws/install/cpp_nodes
[0.501s] Invoking command in '/home/parallels/practica_ROS/ros2_prac2_ws/build/cpp_nodes': CMAKE_PREFIX_PATH=/opt/ros/foxy /usr/bin/cmake --build /home/parallels/practica_ROS/ros2_prac2_ws/build/cpp_nodes -- -j2 -l2
[0.524s] [35m[1mScanning dependencies of target main_node[0m
[0.534s] [ 25%] [32mBuilding CXX object CMakeFiles/main_node.dir/src/main.cpp.o[0m
[0.538s] [ 50%] [32mBuilding CXX object CMakeFiles/main_node.dir/src/base_node.cpp.o[0m
[0.580s] [01m[K/home/parallels/practica_ROS/ros2_prac2_ws/src/cpp_nodes/src/base_node.cpp:1:10:[m[K [01;31m[Kfatal error: [m[Kbase_node.hpp: No such file or directory
[0.580s]     1 | #include [01;31m[K"base_node.hpp"[m[K
[0.580s]       |          [01;31m[K^~~~~~~~~~~~~~~[m[K
[0.580s] compilation terminated.
[0.580s] [01m[K/home/parallels/practica_ROS/ros2_prac2_ws/src/cpp_nodes/src/main.cpp:1:10:[m[K [01;31m[Kfatal error: [m[Kderived_node.hpp: No such file or directory
[0.580s]     1 | #include [01;31m[K"derived_node.hpp"[m[K
[0.580s]       |          [01;31m[K^~~~~~~~~~~~~~~~~~[m[K
[0.580s] compilation terminated.
[0.582s] make[2]: *** [CMakeFiles/main_node.dir/build.make:76: CMakeFiles/main_node.dir/src/base_node.cpp.o] Error 1
[0.582s] make[2]: *** Waiting for unfinished jobs....
[0.583s] make[2]: *** [CMakeFiles/main_node.dir/build.make:63: CMakeFiles/main_node.dir/src/main.cpp.o] Error 1
[0.584s] make[1]: *** [CMakeFiles/Makefile2:78: CMakeFiles/main_node.dir/all] Error 2
[0.584s] make: *** [Makefile:141: all] Error 2
[0.586s] Invoked command in '/home/parallels/practica_ROS/ros2_prac2_ws/build/cpp_nodes' returned '2': CMAKE_PREFIX_PATH=/opt/ros/foxy /usr/bin/cmake --build /home/parallels/practica_ROS/ros2_prac2_ws/build/cpp_nodes -- -j2 -l2
